mode: set
the-dev-tools/server/pkg/ioworkspace/ioworkspace.go:129.23,160.2 1 0
the-dev-tools/server/pkg/ioworkspace/ioworkspace.go:203.93,205.16 2 0
the-dev-tools/server/pkg/ioworkspace/ioworkspace.go:205.16,207.3 1 0
the-dev-tools/server/pkg/ioworkspace/ioworkspace.go:208.2,211.16 3 0
the-dev-tools/server/pkg/ioworkspace/ioworkspace.go:211.16,213.3 1 0
the-dev-tools/server/pkg/ioworkspace/ioworkspace.go:216.2,243.46 24 0
the-dev-tools/server/pkg/ioworkspace/ioworkspace.go:243.46,245.17 2 0
the-dev-tools/server/pkg/ioworkspace/ioworkspace.go:245.17,247.4 1 0
the-dev-tools/server/pkg/ioworkspace/ioworkspace.go:250.2,251.16 2 0
the-dev-tools/server/pkg/ioworkspace/ioworkspace.go:251.16,253.3 1 0
the-dev-tools/server/pkg/ioworkspace/ioworkspace.go:255.2,256.16 2 0
the-dev-tools/server/pkg/ioworkspace/ioworkspace.go:256.16,258.3 1 0
the-dev-tools/server/pkg/ioworkspace/ioworkspace.go:260.2,261.16 2 0
the-dev-tools/server/pkg/ioworkspace/ioworkspace.go:261.16,263.3 1 0
the-dev-tools/server/pkg/ioworkspace/ioworkspace.go:265.2,266.16 2 0
the-dev-tools/server/pkg/ioworkspace/ioworkspace.go:266.16,268.3 1 0
the-dev-tools/server/pkg/ioworkspace/ioworkspace.go:270.2,271.16 2 0
the-dev-tools/server/pkg/ioworkspace/ioworkspace.go:271.16,273.3 1 0
the-dev-tools/server/pkg/ioworkspace/ioworkspace.go:275.2,276.16 2 0
the-dev-tools/server/pkg/ioworkspace/ioworkspace.go:276.16,278.3 1 0
the-dev-tools/server/pkg/ioworkspace/ioworkspace.go:280.2,281.16 2 0
the-dev-tools/server/pkg/ioworkspace/ioworkspace.go:281.16,283.3 1 0
the-dev-tools/server/pkg/ioworkspace/ioworkspace.go:285.2,286.16 2 0
the-dev-tools/server/pkg/ioworkspace/ioworkspace.go:286.16,288.3 1 0
the-dev-tools/server/pkg/ioworkspace/ioworkspace.go:290.2,291.16 2 0
the-dev-tools/server/pkg/ioworkspace/ioworkspace.go:291.16,293.3 1 0
the-dev-tools/server/pkg/ioworkspace/ioworkspace.go:295.2,296.16 2 0
the-dev-tools/server/pkg/ioworkspace/ioworkspace.go:296.16,298.3 1 0
the-dev-tools/server/pkg/ioworkspace/ioworkspace.go:300.2,301.16 2 0
the-dev-tools/server/pkg/ioworkspace/ioworkspace.go:301.16,303.3 1 0
the-dev-tools/server/pkg/ioworkspace/ioworkspace.go:305.2,306.16 2 0
the-dev-tools/server/pkg/ioworkspace/ioworkspace.go:306.16,308.3 1 0
the-dev-tools/server/pkg/ioworkspace/ioworkspace.go:310.2,311.16 2 0
the-dev-tools/server/pkg/ioworkspace/ioworkspace.go:311.16,313.3 1 0
the-dev-tools/server/pkg/ioworkspace/ioworkspace.go:315.2,316.16 2 0
the-dev-tools/server/pkg/ioworkspace/ioworkspace.go:316.16,318.3 1 0
the-dev-tools/server/pkg/ioworkspace/ioworkspace.go:320.2,321.16 2 0
the-dev-tools/server/pkg/ioworkspace/ioworkspace.go:321.16,323.3 1 0
the-dev-tools/server/pkg/ioworkspace/ioworkspace.go:325.2,326.16 2 0
the-dev-tools/server/pkg/ioworkspace/ioworkspace.go:326.16,328.3 1 0
the-dev-tools/server/pkg/ioworkspace/ioworkspace.go:330.2,331.16 2 0
the-dev-tools/server/pkg/ioworkspace/ioworkspace.go:331.16,333.3 1 0
the-dev-tools/server/pkg/ioworkspace/ioworkspace.go:335.2,336.16 2 0
the-dev-tools/server/pkg/ioworkspace/ioworkspace.go:336.16,338.3 1 0
the-dev-tools/server/pkg/ioworkspace/ioworkspace.go:340.2,341.16 2 0
the-dev-tools/server/pkg/ioworkspace/ioworkspace.go:341.16,343.3 1 0
the-dev-tools/server/pkg/ioworkspace/ioworkspace.go:345.2,346.16 2 0
the-dev-tools/server/pkg/ioworkspace/ioworkspace.go:346.16,348.3 1 0
the-dev-tools/server/pkg/ioworkspace/ioworkspace.go:350.2,351.16 2 0
the-dev-tools/server/pkg/ioworkspace/ioworkspace.go:351.16,353.3 1 0
the-dev-tools/server/pkg/ioworkspace/ioworkspace.go:355.2,356.16 2 0
the-dev-tools/server/pkg/ioworkspace/ioworkspace.go:356.16,358.3 1 0
the-dev-tools/server/pkg/ioworkspace/ioworkspace.go:360.2,361.16 2 0
the-dev-tools/server/pkg/ioworkspace/ioworkspace.go:361.16,363.3 1 0
the-dev-tools/server/pkg/ioworkspace/ioworkspace.go:365.2,365.12 1 0
the-dev-tools/server/pkg/ioworkspace/ioworkspace.go:373.145,377.16 3 0
the-dev-tools/server/pkg/ioworkspace/ioworkspace.go:377.16,379.3 1 0
the-dev-tools/server/pkg/ioworkspace/ioworkspace.go:380.2,384.25 4 0
the-dev-tools/server/pkg/ioworkspace/ioworkspace.go:384.25,385.53 1 0
the-dev-tools/server/pkg/ioworkspace/ioworkspace.go:385.53,387.4 1 0
the-dev-tools/server/pkg/ioworkspace/ioworkspace.go:390.2,391.16 2 0
the-dev-tools/server/pkg/ioworkspace/ioworkspace.go:391.16,393.3 1 0
the-dev-tools/server/pkg/ioworkspace/ioworkspace.go:394.2,397.16 3 0
the-dev-tools/server/pkg/ioworkspace/ioworkspace.go:397.16,399.3 1 0
the-dev-tools/server/pkg/ioworkspace/ioworkspace.go:400.2,402.29 2 0
the-dev-tools/server/pkg/ioworkspace/ioworkspace.go:402.29,405.17 2 0
the-dev-tools/server/pkg/ioworkspace/ioworkspace.go:405.17,407.4 1 0
the-dev-tools/server/pkg/ioworkspace/ioworkspace.go:409.3,412.17 3 0
the-dev-tools/server/pkg/ioworkspace/ioworkspace.go:412.17,414.4 1 0
the-dev-tools/server/pkg/ioworkspace/ioworkspace.go:415.3,419.17 3 0
the-dev-tools/server/pkg/ioworkspace/ioworkspace.go:419.17,421.4 1 0
the-dev-tools/server/pkg/ioworkspace/ioworkspace.go:422.3,424.34 2 0
the-dev-tools/server/pkg/ioworkspace/ioworkspace.go:424.34,425.25 1 0
the-dev-tools/server/pkg/ioworkspace/ioworkspace.go:426.34,428.19 2 0
the-dev-tools/server/pkg/ioworkspace/ioworkspace.go:428.19,430.6 1 0
the-dev-tools/server/pkg/ioworkspace/ioworkspace.go:432.5,432.28 1 0
the-dev-tools/server/pkg/ioworkspace/ioworkspace.go:432.28,433.34 1 0
the-dev-tools/server/pkg/ioworkspace/ioworkspace.go:433.34,435.7 1 0
the-dev-tools/server/pkg/ioworkspace/ioworkspace.go:436.6,436.39 1 0
the-dev-tools/server/pkg/ioworkspace/ioworkspace.go:436.39,438.7 1 0
the-dev-tools/server/pkg/ioworkspace/ioworkspace.go:440.5,440.68 1 0
the-dev-tools/server/pkg/ioworkspace/ioworkspace.go:441.36,443.19 2 0
the-dev-tools/server/pkg/ioworkspace/ioworkspace.go:443.19,445.6 1 0
the-dev-tools/server/pkg/ioworkspace/ioworkspace.go:446.5,446.74 1 0
the-dev-tools/server/pkg/ioworkspace/ioworkspace.go:448.32,450.19 2 0
the-dev-tools/server/pkg/ioworkspace/ioworkspace.go:450.19,452.6 1 0
the-dev-tools/server/pkg/ioworkspace/ioworkspace.go:453.5,453.59 1 0
the-dev-tools/server/pkg/ioworkspace/ioworkspace.go:454.30,456.19 2 0
the-dev-tools/server/pkg/ioworkspace/ioworkspace.go:456.19,458.6 1 0
the-dev-tools/server/pkg/ioworkspace/ioworkspace.go:459.5,459.60 1 0
the-dev-tools/server/pkg/ioworkspace/ioworkspace.go:460.35,462.19 2 0
the-dev-tools/server/pkg/ioworkspace/ioworkspace.go:462.19,464.6 1 0
the-dev-tools/server/pkg/ioworkspace/ioworkspace.go:465.5,465.72 1 0
the-dev-tools/server/pkg/ioworkspace/ioworkspace.go:466.29,468.19 2 0
the-dev-tools/server/pkg/ioworkspace/ioworkspace.go:468.19,470.6 1 0
the-dev-tools/server/pkg/ioworkspace/ioworkspace.go:471.5,471.56 1 0
the-dev-tools/server/pkg/ioworkspace/ioworkspace.go:476.2,476.41 1 0
the-dev-tools/server/pkg/ioworkspace/ioworkspace.go:476.41,478.17 2 0
the-dev-tools/server/pkg/ioworkspace/ioworkspace.go:478.17,480.4 1 0
the-dev-tools/server/pkg/ioworkspace/ioworkspace.go:481.3,484.17 3 0
the-dev-tools/server/pkg/ioworkspace/ioworkspace.go:484.17,486.4 1 0
the-dev-tools/server/pkg/ioworkspace/ioworkspace.go:487.3,490.57 2 0
the-dev-tools/server/pkg/ioworkspace/ioworkspace.go:490.57,491.46 1 0
the-dev-tools/server/pkg/ioworkspace/ioworkspace.go:491.46,493.19 2 0
the-dev-tools/server/pkg/ioworkspace/ioworkspace.go:493.19,494.30 1 0
the-dev-tools/server/pkg/ioworkspace/ioworkspace.go:494.30,495.15 1 0
the-dev-tools/server/pkg/ioworkspace/ioworkspace.go:497.6,497.21 1 0
the-dev-tools/server/pkg/ioworkspace/ioworkspace.go:500.5,501.37 2 0
the-dev-tools/server/pkg/ioworkspace/ioworkspace.go:501.37,502.27 1 0
the-dev-tools/server/pkg/ioworkspace/ioworkspace.go:502.27,504.12 2 0
the-dev-tools/server/pkg/ioworkspace/ioworkspace.go:507.5,507.15 1 0
the-dev-tools/server/pkg/ioworkspace/ioworkspace.go:507.15,509.6 1 0
the-dev-tools/server/pkg/ioworkspace/ioworkspace.go:511.9,513.18 2 0
the-dev-tools/server/pkg/ioworkspace/ioworkspace.go:513.18,515.5 1 0
the-dev-tools/server/pkg/ioworkspace/ioworkspace.go:516.4,516.54 1 0
the-dev-tools/server/pkg/ioworkspace/ioworkspace.go:522.2,522.40 1 0
the-dev-tools/server/pkg/ioworkspace/ioworkspace.go:522.40,525.17 2 0
the-dev-tools/server/pkg/ioworkspace/ioworkspace.go:525.17,527.4 1 0
the-dev-tools/server/pkg/ioworkspace/ioworkspace.go:528.3,532.17 3 0
the-dev-tools/server/pkg/ioworkspace/ioworkspace.go:532.17,534.4 1 0
the-dev-tools/server/pkg/ioworkspace/ioworkspace.go:535.3,539.17 3 0
the-dev-tools/server/pkg/ioworkspace/ioworkspace.go:539.17,541.4 1 0
the-dev-tools/server/pkg/ioworkspace/ioworkspace.go:542.3,549.41 3 0
the-dev-tools/server/pkg/ioworkspace/ioworkspace.go:549.41,551.4 1 0
the-dev-tools/server/pkg/ioworkspace/ioworkspace.go:552.3,552.35 1 0
the-dev-tools/server/pkg/ioworkspace/ioworkspace.go:552.35,554.4 1 0
the-dev-tools/server/pkg/ioworkspace/ioworkspace.go:557.3,558.41 2 0
the-dev-tools/server/pkg/ioworkspace/ioworkspace.go:558.41,560.4 1 0
the-dev-tools/server/pkg/ioworkspace/ioworkspace.go:561.3,561.17 1 0
the-dev-tools/server/pkg/ioworkspace/ioworkspace.go:561.17,563.4 1 0
the-dev-tools/server/pkg/ioworkspace/ioworkspace.go:566.3,567.41 2 0
the-dev-tools/server/pkg/ioworkspace/ioworkspace.go:567.41,569.4 1 0
the-dev-tools/server/pkg/ioworkspace/ioworkspace.go:570.3,570.17 1 0
the-dev-tools/server/pkg/ioworkspace/ioworkspace.go:570.17,572.4 1 0
the-dev-tools/server/pkg/ioworkspace/ioworkspace.go:575.3,576.17 2 0
the-dev-tools/server/pkg/ioworkspace/ioworkspace.go:576.17,577.42 1 0
the-dev-tools/server/pkg/ioworkspace/ioworkspace.go:577.42,579.13 1 0
the-dev-tools/server/pkg/ioworkspace/ioworkspace.go:580.10,582.5 1 0
the-dev-tools/server/pkg/ioworkspace/ioworkspace.go:584.3,588.17 3 0
the-dev-tools/server/pkg/ioworkspace/ioworkspace.go:588.17,590.4 1 0
the-dev-tools/server/pkg/ioworkspace/ioworkspace.go:591.3,595.17 3 0
the-dev-tools/server/pkg/ioworkspace/ioworkspace.go:595.17,597.4 1 0
the-dev-tools/server/pkg/ioworkspace/ioworkspace.go:598.3,598.88 1 0
the-dev-tools/server/pkg/ioworkspace/ioworkspace.go:602.2,602.19 1 0
the-dev-tools/server/pkg/ioworkspace/ioworkspace.go:605.62,608.16 3 0
the-dev-tools/server/pkg/ioworkspace/ioworkspace.go:608.16,610.3 1 0
the-dev-tools/server/pkg/ioworkspace/ioworkspace.go:611.2,611.24 1 0
the-dev-tools/server/pkg/ioworkspace/ioworkspace.go:614.43,616.38 2 0
the-dev-tools/server/pkg/ioworkspace/ioworkspace.go:616.38,618.3 1 0
the-dev-tools/server/pkg/ioworkspace/ioworkspace.go:620.2,620.50 1 0
the-dev-tools/server/pkg/ioworkspace/ioworkspace.go:620.50,623.23 3 0
the-dev-tools/server/pkg/ioworkspace/ioworkspace.go:623.23,625.11 2 0
the-dev-tools/server/pkg/ioworkspace/ioworkspace.go:625.11,627.5 1 0
the-dev-tools/server/pkg/ioworkspace/ioworkspace.go:629.3,629.28 1 0
the-dev-tools/server/pkg/ioworkspace/ioworkspace.go:629.28,631.11 2 0
the-dev-tools/server/pkg/ioworkspace/ioworkspace.go:631.11,633.5 1 0
the-dev-tools/server/pkg/ioworkspace/ioworkspace.go:638.2,638.12 1 0
the-dev-tools/server/pkg/ioworkspace/ioworkspace.go:641.65,643.16 2 0
the-dev-tools/server/pkg/ioworkspace/ioworkspace.go:643.16,645.3 1 0
the-dev-tools/server/pkg/ioworkspace/ioworkspace.go:646.2,646.18 1 0
the-dev-tools/server/pkg/ioworkspace/ioworkspace.go:720.74,728.68 3 0
the-dev-tools/server/pkg/ioworkspace/ioworkspace.go:728.68,732.3 3 0
the-dev-tools/server/pkg/ioworkspace/ioworkspace.go:735.2,736.42 2 0
the-dev-tools/server/pkg/ioworkspace/ioworkspace.go:736.42,738.3 1 0
the-dev-tools/server/pkg/ioworkspace/ioworkspace.go:741.2,743.12 3 0
the-dev-tools/server/pkg/ioworkspace/ioworkspace.go:771.65,776.59 3 1
the-dev-tools/server/pkg/ioworkspace/ioworkspace.go:776.59,778.3 1 0
the-dev-tools/server/pkg/ioworkspace/ioworkspace.go:781.2,781.56 1 1
the-dev-tools/server/pkg/ioworkspace/ioworkspace.go:781.56,783.3 1 0
the-dev-tools/server/pkg/ioworkspace/ioworkspace.go:785.2,817.35 5 1
the-dev-tools/server/pkg/ioworkspace/ioworkspace.go:817.35,820.3 2 0
the-dev-tools/server/pkg/ioworkspace/ioworkspace.go:823.2,823.39 1 1
the-dev-tools/server/pkg/ioworkspace/ioworkspace.go:823.39,840.55 7 0
the-dev-tools/server/pkg/ioworkspace/ioworkspace.go:840.55,841.32 1 0
the-dev-tools/server/pkg/ioworkspace/ioworkspace.go:841.32,842.45 1 0
the-dev-tools/server/pkg/ioworkspace/ioworkspace.go:842.45,843.70 1 0
the-dev-tools/server/pkg/ioworkspace/ioworkspace.go:843.70,845.12 2 0
the-dev-tools/server/pkg/ioworkspace/ioworkspace.go:852.3,852.52 1 0
the-dev-tools/server/pkg/ioworkspace/ioworkspace.go:852.52,853.47 1 0
the-dev-tools/server/pkg/ioworkspace/ioworkspace.go:854.24,856.35 1 0
the-dev-tools/server/pkg/ioworkspace/ioworkspace.go:856.35,858.31 2 0
the-dev-tools/server/pkg/ioworkspace/ioworkspace.go:859.18,860.19 1 0
the-dev-tools/server/pkg/ioworkspace/ioworkspace.go:861.14,862.38 1 0
the-dev-tools/server/pkg/ioworkspace/ioworkspace.go:864.6,871.81 2 0
the-dev-tools/server/pkg/ioworkspace/ioworkspace.go:873.15,875.65 1 0
the-dev-tools/server/pkg/ioworkspace/ioworkspace.go:875.65,876.33 1 0
the-dev-tools/server/pkg/ioworkspace/ioworkspace.go:876.33,885.7 2 0
the-dev-tools/server/pkg/ioworkspace/ioworkspace.go:886.11,888.32 1 0
the-dev-tools/server/pkg/ioworkspace/ioworkspace.go:888.32,889.50 1 0
the-dev-tools/server/pkg/ioworkspace/ioworkspace.go:889.50,892.22 3 0
the-dev-tools/server/pkg/ioworkspace/ioworkspace.go:892.22,901.9 2 0
the-dev-tools/server/pkg/ioworkspace/ioworkspace.go:908.3,928.32 7 0
the-dev-tools/server/pkg/ioworkspace/ioworkspace.go:928.32,931.12 1 0
the-dev-tools/server/pkg/ioworkspace/ioworkspace.go:934.3,936.31 3 0
the-dev-tools/server/pkg/ioworkspace/ioworkspace.go:936.31,938.11 2 0
the-dev-tools/server/pkg/ioworkspace/ioworkspace.go:938.11,939.13 1 0
the-dev-tools/server/pkg/ioworkspace/ioworkspace.go:941.4,941.68 1 0
the-dev-tools/server/pkg/ioworkspace/ioworkspace.go:941.68,943.48 2 0
the-dev-tools/server/pkg/ioworkspace/ioworkspace.go:943.48,944.33 1 0
the-dev-tools/server/pkg/ioworkspace/ioworkspace.go:944.33,946.72 1 0
the-dev-tools/server/pkg/ioworkspace/ioworkspace.go:946.72,948.8 1 0
the-dev-tools/server/pkg/ioworkspace/ioworkspace.go:948.13,950.8 1 0
the-dev-tools/server/pkg/ioworkspace/ioworkspace.go:953.5,953.10 1 0
the-dev-tools/server/pkg/ioworkspace/ioworkspace.go:957.3,957.17 1 0
the-dev-tools/server/pkg/ioworkspace/ioworkspace.go:957.17,959.12 1 0
the-dev-tools/server/pkg/ioworkspace/ioworkspace.go:963.3,963.36 1 0
the-dev-tools/server/pkg/ioworkspace/ioworkspace.go:963.36,965.44 1 0
the-dev-tools/server/pkg/ioworkspace/ioworkspace.go:965.44,967.12 2 0
the-dev-tools/server/pkg/ioworkspace/ioworkspace.go:967.12,969.6 1 0
the-dev-tools/server/pkg/ioworkspace/ioworkspace.go:971.5,972.30 2 0
the-dev-tools/server/pkg/ioworkspace/ioworkspace.go:972.30,974.6 1 0
the-dev-tools/server/pkg/ioworkspace/ioworkspace.go:976.5,976.52 1 0
the-dev-tools/server/pkg/ioworkspace/ioworkspace.go:976.52,978.6 1 0
the-dev-tools/server/pkg/ioworkspace/ioworkspace.go:980.5,984.21 3 0
the-dev-tools/server/pkg/ioworkspace/ioworkspace.go:985.20,986.111 1 0
the-dev-tools/server/pkg/ioworkspace/ioworkspace.go:987.15,988.76 1 0
the-dev-tools/server/pkg/ioworkspace/ioworkspace.go:989.16,990.77 1 0
the-dev-tools/server/pkg/ioworkspace/ioworkspace.go:991.15,992.76 1 0
the-dev-tools/server/pkg/ioworkspace/ioworkspace.go:993.13,994.83 1 0
the-dev-tools/server/pkg/ioworkspace/ioworkspace.go:997.5,997.19 1 0
the-dev-tools/server/pkg/ioworkspace/ioworkspace.go:997.19,999.6 1 0
the-dev-tools/server/pkg/ioworkspace/ioworkspace.go:1001.5,1002.28 2 0
the-dev-tools/server/pkg/ioworkspace/ioworkspace.go:1007.3,1007.112 1 0
the-dev-tools/server/pkg/ioworkspace/ioworkspace.go:1007.112,1009.4 1 0
the-dev-tools/server/pkg/ioworkspace/ioworkspace.go:1013.2,1013.52 1 1
the-dev-tools/server/pkg/ioworkspace/ioworkspace.go:1013.52,1014.12 1 0
the-dev-tools/server/pkg/ioworkspace/ioworkspace.go:1014.12,1017.4 2 0
the-dev-tools/server/pkg/ioworkspace/ioworkspace.go:1018.3,1018.41 1 0
the-dev-tools/server/pkg/ioworkspace/ioworkspace.go:1018.41,1021.4 2 0
the-dev-tools/server/pkg/ioworkspace/ioworkspace.go:1025.2,1025.51 1 1
the-dev-tools/server/pkg/ioworkspace/ioworkspace.go:1025.51,1026.12 1 0
the-dev-tools/server/pkg/ioworkspace/ioworkspace.go:1026.12,1029.4 2 0
the-dev-tools/server/pkg/ioworkspace/ioworkspace.go:1030.3,1030.40 1 0
the-dev-tools/server/pkg/ioworkspace/ioworkspace.go:1030.40,1033.4 2 0
the-dev-tools/server/pkg/ioworkspace/ioworkspace.go:1036.2,1036.27 1 1
the-dev-tools/server/pkg/ioworkspace/ioworkspace.go:1040.56,1041.20 1 0
the-dev-tools/server/pkg/ioworkspace/ioworkspace.go:1041.20,1043.3 1 0
the-dev-tools/server/pkg/ioworkspace/ioworkspace.go:1045.2,1047.29 2 0
the-dev-tools/server/pkg/ioworkspace/ioworkspace.go:1048.13,1050.26 1 0
the-dev-tools/server/pkg/ioworkspace/ioworkspace.go:1050.26,1051.45 1 0
the-dev-tools/server/pkg/ioworkspace/ioworkspace.go:1051.45,1054.19 3 0
the-dev-tools/server/pkg/ioworkspace/ioworkspace.go:1054.19,1056.6 1 0
the-dev-tools/server/pkg/ioworkspace/ioworkspace.go:1059.22,1061.30 1 0
the-dev-tools/server/pkg/ioworkspace/ioworkspace.go:1061.30,1062.42 1 0
the-dev-tools/server/pkg/ioworkspace/ioworkspace.go:1062.42,1064.5 1 0
the-dev-tools/server/pkg/ioworkspace/ioworkspace.go:1066.27,1068.13 1 0
the-dev-tools/server/pkg/ioworkspace/ioworkspace.go:1071.2,1071.15 1 0
the-dev-tools/server/pkg/ioworkspace/ioworkspace.go:1075.187,1091.76 6 0
the-dev-tools/server/pkg/ioworkspace/ioworkspace.go:1091.76,1093.14 2 0
the-dev-tools/server/pkg/ioworkspace/ioworkspace.go:1093.14,1095.4 1 0
the-dev-tools/server/pkg/ioworkspace/ioworkspace.go:1098.3,1101.24 4 0
the-dev-tools/server/pkg/ioworkspace/ioworkspace.go:1105.2,1105.71 1 0
the-dev-tools/server/pkg/ioworkspace/ioworkspace.go:1105.71,1107.3 1 0
the-dev-tools/server/pkg/ioworkspace/ioworkspace.go:1108.2,1108.62 1 0
the-dev-tools/server/pkg/ioworkspace/ioworkspace.go:1108.62,1110.3 1 0
the-dev-tools/server/pkg/ioworkspace/ioworkspace.go:1113.2,1113.18 1 0
the-dev-tools/server/pkg/ioworkspace/ioworkspace.go:1113.18,1115.3 1 0
the-dev-tools/server/pkg/ioworkspace/ioworkspace.go:1118.2,1118.15 1 0
the-dev-tools/server/pkg/ioworkspace/ioworkspace.go:1118.15,1120.3 1 0
the-dev-tools/server/pkg/ioworkspace/ioworkspace.go:1123.2,1149.28 7 0
the-dev-tools/server/pkg/ioworkspace/ioworkspace.go:1149.28,1151.3 1 0
the-dev-tools/server/pkg/ioworkspace/ioworkspace.go:1154.2,1154.44 1 0
the-dev-tools/server/pkg/ioworkspace/ioworkspace.go:1154.44,1157.43 2 0
the-dev-tools/server/pkg/ioworkspace/ioworkspace.go:1157.43,1159.4 1 0
the-dev-tools/server/pkg/ioworkspace/ioworkspace.go:1163.2,1164.36 2 0
the-dev-tools/server/pkg/ioworkspace/ioworkspace.go:1164.36,1172.3 2 0
the-dev-tools/server/pkg/ioworkspace/ioworkspace.go:1173.2,1180.17 3 0
the-dev-tools/server/pkg/ioworkspace/ioworkspace.go:1180.17,1185.3 1 0
the-dev-tools/server/pkg/ioworkspace/ioworkspace.go:1188.2,1188.38 1 0
the-dev-tools/server/pkg/ioworkspace/ioworkspace.go:1188.38,1190.51 1 0
the-dev-tools/server/pkg/ioworkspace/ioworkspace.go:1190.51,1191.66 1 0
the-dev-tools/server/pkg/ioworkspace/ioworkspace.go:1191.66,1198.25 2 0
the-dev-tools/server/pkg/ioworkspace/ioworkspace.go:1198.25,1200.6 1 0
the-dev-tools/server/pkg/ioworkspace/ioworkspace.go:1200.11,1200.40 1 0
the-dev-tools/server/pkg/ioworkspace/ioworkspace.go:1200.40,1202.63 1 0
the-dev-tools/server/pkg/ioworkspace/ioworkspace.go:1202.63,1203.55 1 0
the-dev-tools/server/pkg/ioworkspace/ioworkspace.go:1203.55,1206.36 2 0
the-dev-tools/server/pkg/ioworkspace/ioworkspace.go:1206.36,1208.9 1 0
the-dev-tools/server/pkg/ioworkspace/ioworkspace.go:1210.8,1210.34 1 0
the-dev-tools/server/pkg/ioworkspace/ioworkspace.go:1210.34,1212.9 1 0
the-dev-tools/server/pkg/ioworkspace/ioworkspace.go:1213.8,1213.35 1 0
the-dev-tools/server/pkg/ioworkspace/ioworkspace.go:1216.11,1219.6 1 0
the-dev-tools/server/pkg/ioworkspace/ioworkspace.go:1220.10,1223.19 2 0
the-dev-tools/server/pkg/ioworkspace/ioworkspace.go:1223.19,1225.68 2 0
the-dev-tools/server/pkg/ioworkspace/ioworkspace.go:1225.68,1226.27 1 0
the-dev-tools/server/pkg/ioworkspace/ioworkspace.go:1226.27,1228.8 1 0
the-dev-tools/server/pkg/ioworkspace/ioworkspace.go:1228.13,1230.31 1 0
the-dev-tools/server/pkg/ioworkspace/ioworkspace.go:1230.31,1232.9 1 0
the-dev-tools/server/pkg/ioworkspace/ioworkspace.go:1235.8,1235.63 1 0
the-dev-tools/server/pkg/ioworkspace/ioworkspace.go:1235.63,1237.66 1 0
the-dev-tools/server/pkg/ioworkspace/ioworkspace.go:1237.66,1238.64 1 0
the-dev-tools/server/pkg/ioworkspace/ioworkspace.go:1238.64,1241.39 2 0
the-dev-tools/server/pkg/ioworkspace/ioworkspace.go:1241.39,1243.12 1 0
the-dev-tools/server/pkg/ioworkspace/ioworkspace.go:1245.11,1245.37 1 0
the-dev-tools/server/pkg/ioworkspace/ioworkspace.go:1245.37,1247.12 1 0
the-dev-tools/server/pkg/ioworkspace/ioworkspace.go:1248.11,1248.38 1 0
the-dev-tools/server/pkg/ioworkspace/ioworkspace.go:1251.14,1254.9 1 0
the-dev-tools/server/pkg/ioworkspace/ioworkspace.go:1259.9,1262.18 2 0
the-dev-tools/server/pkg/ioworkspace/ioworkspace.go:1262.18,1264.67 2 0
the-dev-tools/server/pkg/ioworkspace/ioworkspace.go:1264.67,1265.26 1 0
the-dev-tools/server/pkg/ioworkspace/ioworkspace.go:1265.26,1267.7 1 0
the-dev-tools/server/pkg/ioworkspace/ioworkspace.go:1267.12,1269.30 1 0
the-dev-tools/server/pkg/ioworkspace/ioworkspace.go:1269.30,1271.8 1 0
the-dev-tools/server/pkg/ioworkspace/ioworkspace.go:1274.7,1274.62 1 0
the-dev-tools/server/pkg/ioworkspace/ioworkspace.go:1274.62,1276.65 1 0
the-dev-tools/server/pkg/ioworkspace/ioworkspace.go:1276.65,1277.63 1 0
the-dev-tools/server/pkg/ioworkspace/ioworkspace.go:1277.63,1280.38 2 0
the-dev-tools/server/pkg/ioworkspace/ioworkspace.go:1280.38,1282.11 1 0
the-dev-tools/server/pkg/ioworkspace/ioworkspace.go:1284.10,1284.36 1 0
the-dev-tools/server/pkg/ioworkspace/ioworkspace.go:1284.36,1286.11 1 0
the-dev-tools/server/pkg/ioworkspace/ioworkspace.go:1287.10,1287.37 1 0
the-dev-tools/server/pkg/ioworkspace/ioworkspace.go:1290.13,1293.8 1 0
the-dev-tools/server/pkg/ioworkspace/ioworkspace.go:1301.2,1301.22 1 0
the-dev-tools/server/pkg/ioworkspace/ioworkspace.go:1301.22,1302.25 1 0
the-dev-tools/server/pkg/ioworkspace/ioworkspace.go:1303.19,1306.30 2 0
the-dev-tools/server/pkg/ioworkspace/ioworkspace.go:1306.30,1308.19 2 0
the-dev-tools/server/pkg/ioworkspace/ioworkspace.go:1308.19,1310.6 1 0
the-dev-tools/server/pkg/ioworkspace/ioworkspace.go:1311.5,1316.71 2 0
the-dev-tools/server/pkg/ioworkspace/ioworkspace.go:1318.15,1321.60 2 0
the-dev-tools/server/pkg/ioworkspace/ioworkspace.go:1321.60,1322.38 1 0
the-dev-tools/server/pkg/ioworkspace/ioworkspace.go:1322.38,1332.6 2 0
the-dev-tools/server/pkg/ioworkspace/ioworkspace.go:1333.10,1335.5 1 0
the-dev-tools/server/pkg/ioworkspace/ioworkspace.go:1336.14,1339.60 2 0
the-dev-tools/server/pkg/ioworkspace/ioworkspace.go:1339.60,1340.38 1 0
the-dev-tools/server/pkg/ioworkspace/ioworkspace.go:1340.38,1350.6 2 0
the-dev-tools/server/pkg/ioworkspace/ioworkspace.go:1351.10,1353.5 1 0
the-dev-tools/server/pkg/ioworkspace/ioworkspace.go:1354.14,1357.52 2 0
the-dev-tools/server/pkg/ioworkspace/ioworkspace.go:1357.52,1364.5 2 0
the-dev-tools/server/pkg/ioworkspace/ioworkspace.go:1364.10,1366.5 1 0
the-dev-tools/server/pkg/ioworkspace/ioworkspace.go:1367.11,1368.87 1 0
the-dev-tools/server/pkg/ioworkspace/ioworkspace.go:1373.2,1382.12 4 0
the-dev-tools/server/pkg/ioworkspace/ioworkspace.go:1386.124,1410.2 6 0
the-dev-tools/server/pkg/ioworkspace/ioworkspace.go:1413.125,1426.53 4 0
the-dev-tools/server/pkg/ioworkspace/ioworkspace.go:1426.53,1428.3 1 0
the-dev-tools/server/pkg/ioworkspace/ioworkspace.go:1428.8,1428.54 1 0
the-dev-tools/server/pkg/ioworkspace/ioworkspace.go:1428.54,1430.3 1 0
the-dev-tools/server/pkg/ioworkspace/ioworkspace.go:1430.8,1432.3 1 0
the-dev-tools/server/pkg/ioworkspace/ioworkspace.go:1434.2,1434.19 1 0
the-dev-tools/server/pkg/ioworkspace/ioworkspace.go:1434.19,1436.3 1 0
the-dev-tools/server/pkg/ioworkspace/ioworkspace.go:1438.2,1445.12 3 0
the-dev-tools/server/pkg/ioworkspace/ioworkspace.go:1449.124,1461.9 4 0
the-dev-tools/server/pkg/ioworkspace/ioworkspace.go:1461.9,1465.3 1 0
the-dev-tools/server/pkg/ioworkspace/ioworkspace.go:1467.2,1473.12 3 0
the-dev-tools/server/pkg/ioworkspace/ioworkspace.go:1476.88,1477.47 1 0
the-dev-tools/server/pkg/ioworkspace/ioworkspace.go:1477.47,1478.71 1 0
the-dev-tools/server/pkg/ioworkspace/ioworkspace.go:1478.71,1479.57 1 0
the-dev-tools/server/pkg/ioworkspace/ioworkspace.go:1479.57,1480.88 1 0
the-dev-tools/server/pkg/ioworkspace/ioworkspace.go:1480.88,1482.6 1 0
the-dev-tools/server/pkg/ioworkspace/ioworkspace.go:1486.2,1486.24 1 0
the-dev-tools/server/pkg/ioworkspace/ioworkspace.go:1491.100,1496.83 3 0
the-dev-tools/server/pkg/ioworkspace/ioworkspace.go:1496.83,1498.46 2 0
the-dev-tools/server/pkg/ioworkspace/ioworkspace.go:1498.46,1508.4 3 0
the-dev-tools/server/pkg/ioworkspace/ioworkspace.go:1512.2,1512.32 1 0
the-dev-tools/server/pkg/ioworkspace/ioworkspace.go:1512.32,1513.40 1 0
the-dev-tools/server/pkg/ioworkspace/ioworkspace.go:1513.40,1515.11 2 0
the-dev-tools/server/pkg/ioworkspace/ioworkspace.go:1515.11,1516.13 1 0
the-dev-tools/server/pkg/ioworkspace/ioworkspace.go:1519.4,1523.20 3 0
the-dev-tools/server/pkg/ioworkspace/ioworkspace.go:1524.14,1526.75 1 0
the-dev-tools/server/pkg/ioworkspace/ioworkspace.go:1526.75,1527.66 1 0
the-dev-tools/server/pkg/ioworkspace/ioworkspace.go:1527.66,1529.7 1 0
the-dev-tools/server/pkg/ioworkspace/ioworkspace.go:1529.12,1531.7 1 0
the-dev-tools/server/pkg/ioworkspace/ioworkspace.go:1534.5,1534.75 1 0
the-dev-tools/server/pkg/ioworkspace/ioworkspace.go:1534.75,1535.66 1 0
the-dev-tools/server/pkg/ioworkspace/ioworkspace.go:1535.66,1537.7 1 0
the-dev-tools/server/pkg/ioworkspace/ioworkspace.go:1537.12,1539.7 1 0
the-dev-tools/server/pkg/ioworkspace/ioworkspace.go:1542.15,1544.75 1 0
the-dev-tools/server/pkg/ioworkspace/ioworkspace.go:1544.75,1545.66 1 0
the-dev-tools/server/pkg/ioworkspace/ioworkspace.go:1545.66,1547.7 1 0
the-dev-tools/server/pkg/ioworkspace/ioworkspace.go:1547.12,1549.7 1 0
the-dev-tools/server/pkg/ioworkspace/ioworkspace.go:1554.4,1554.53 1 0
the-dev-tools/server/pkg/ioworkspace/ioworkspace.go:1554.53,1555.30 1 0
the-dev-tools/server/pkg/ioworkspace/ioworkspace.go:1555.30,1557.30 2 0
the-dev-tools/server/pkg/ioworkspace/ioworkspace.go:1557.30,1558.15 1 0
the-dev-tools/server/pkg/ioworkspace/ioworkspace.go:1561.6,1562.17 2 0
the-dev-tools/server/pkg/ioworkspace/ioworkspace.go:1562.17,1564.7 1 0
the-dev-tools/server/pkg/ioworkspace/ioworkspace.go:1566.6,1566.36 1 0
the-dev-tools/server/pkg/ioworkspace/ioworkspace.go:1566.36,1568.7 1 0
the-dev-tools/server/pkg/ioworkspace/ioworkspace.go:1569.6,1569.63 1 0
the-dev-tools/server/pkg/ioworkspace/ioworkspace.go:1576.2,1577.44 2 0
the-dev-tools/server/pkg/ioworkspace/ioworkspace.go:1577.44,1579.3 1 0
the-dev-tools/server/pkg/ioworkspace/ioworkspace.go:1581.2,1581.37 1 0
the-dev-tools/server/pkg/ioworkspace/ioworkspace.go:1581.37,1584.40 2 0
the-dev-tools/server/pkg/ioworkspace/ioworkspace.go:1584.40,1585.16 1 0
the-dev-tools/server/pkg/ioworkspace/ioworkspace.go:1585.16,1587.5 1 0
the-dev-tools/server/pkg/ioworkspace/ioworkspace.go:1591.3,1592.40 2 0
the-dev-tools/server/pkg/ioworkspace/ioworkspace.go:1592.40,1593.18 1 0
the-dev-tools/server/pkg/ioworkspace/ioworkspace.go:1593.18,1595.5 1 0
the-dev-tools/server/pkg/ioworkspace/ioworkspace.go:1601.3,1601.58 1 0
the-dev-tools/server/pkg/ioworkspace/ioworkspace.go:1601.58,1607.40 1 0
the-dev-tools/server/pkg/ioworkspace/ioworkspace.go:1607.40,1608.37 1 0
the-dev-tools/server/pkg/ioworkspace/ioworkspace.go:1608.37,1610.6 1 0
the-dev-tools/server/pkg/ioworkspace/ioworkspace.go:1612.4,1612.51 1 0
the-dev-tools/server/pkg/ioworkspace/ioworkspace.go:1612.51,1613.44 1 0
the-dev-tools/server/pkg/ioworkspace/ioworkspace.go:1613.44,1616.32 1 0
the-dev-tools/server/pkg/ioworkspace/ioworkspace.go:1616.32,1620.7 3 0
the-dev-tools/server/pkg/ioworkspace/ioworkspace.go:1625.2,1625.12 1 0
the-dev-tools/server/pkg/ioworkspace/ioworkspace.go:1629.89,1631.16 2 0
the-dev-tools/server/pkg/ioworkspace/ioworkspace.go:1631.16,1633.3 1 0
the-dev-tools/server/pkg/ioworkspace/ioworkspace.go:1636.2,1636.31 1 0
the-dev-tools/server/pkg/ioworkspace/ioworkspace.go:1636.31,1638.3 1 0
the-dev-tools/server/pkg/ioworkspace/ioworkspace.go:1641.2,1642.16 2 0
the-dev-tools/server/pkg/ioworkspace/ioworkspace.go:1642.16,1644.3 1 0
the-dev-tools/server/pkg/ioworkspace/ioworkspace.go:1647.2,1648.16 2 0
the-dev-tools/server/pkg/ioworkspace/ioworkspace.go:1648.16,1650.3 1 0
the-dev-tools/server/pkg/ioworkspace/ioworkspace.go:1652.2,1652.12 1 0
the-dev-tools/server/pkg/ioworkspace/ioworkspace.go:1656.72,1657.26 1 0
the-dev-tools/server/pkg/ioworkspace/ioworkspace.go:1657.26,1659.3 1 0
the-dev-tools/server/pkg/ioworkspace/ioworkspace.go:1662.2,1669.47 3 0
the-dev-tools/server/pkg/ioworkspace/ioworkspace.go:1669.47,1671.3 1 0
the-dev-tools/server/pkg/ioworkspace/ioworkspace.go:1674.2,1675.51 2 0
the-dev-tools/server/pkg/ioworkspace/ioworkspace.go:1675.51,1677.3 1 0
the-dev-tools/server/pkg/ioworkspace/ioworkspace.go:1679.2,1680.53 2 0
the-dev-tools/server/pkg/ioworkspace/ioworkspace.go:1680.53,1682.3 1 0
the-dev-tools/server/pkg/ioworkspace/ioworkspace.go:1684.2,1685.47 2 0
the-dev-tools/server/pkg/ioworkspace/ioworkspace.go:1685.47,1687.3 1 0
the-dev-tools/server/pkg/ioworkspace/ioworkspace.go:1689.2,1690.46 2 0
the-dev-tools/server/pkg/ioworkspace/ioworkspace.go:1690.46,1692.3 1 0
the-dev-tools/server/pkg/ioworkspace/ioworkspace.go:1695.2,1696.44 2 0
the-dev-tools/server/pkg/ioworkspace/ioworkspace.go:1696.44,1698.3 1 0
the-dev-tools/server/pkg/ioworkspace/ioworkspace.go:1701.2,1702.44 2 0
the-dev-tools/server/pkg/ioworkspace/ioworkspace.go:1702.44,1704.3 1 0
the-dev-tools/server/pkg/ioworkspace/ioworkspace.go:1706.2,1707.43 2 0
the-dev-tools/server/pkg/ioworkspace/ioworkspace.go:1707.43,1709.3 1 0
the-dev-tools/server/pkg/ioworkspace/ioworkspace.go:1711.2,1712.49 2 0
the-dev-tools/server/pkg/ioworkspace/ioworkspace.go:1712.49,1714.3 1 0
the-dev-tools/server/pkg/ioworkspace/ioworkspace.go:1716.2,1717.44 2 0
the-dev-tools/server/pkg/ioworkspace/ioworkspace.go:1717.44,1719.3 1 0
the-dev-tools/server/pkg/ioworkspace/ioworkspace.go:1722.2,1722.43 1 0
the-dev-tools/server/pkg/ioworkspace/ioworkspace.go:1722.43,1731.49 3 0
the-dev-tools/server/pkg/ioworkspace/ioworkspace.go:1731.49,1732.27 1 0
the-dev-tools/server/pkg/ioworkspace/ioworkspace.go:1732.27,1734.5 1 0
the-dev-tools/server/pkg/ioworkspace/ioworkspace.go:1736.3,1736.22 1 0
the-dev-tools/server/pkg/ioworkspace/ioworkspace.go:1736.22,1738.4 1 0
the-dev-tools/server/pkg/ioworkspace/ioworkspace.go:1738.9,1740.4 1 0
the-dev-tools/server/pkg/ioworkspace/ioworkspace.go:1743.3,1744.48 2 0
the-dev-tools/server/pkg/ioworkspace/ioworkspace.go:1744.48,1745.30 1 0
the-dev-tools/server/pkg/ioworkspace/ioworkspace.go:1745.30,1747.5 1 0
the-dev-tools/server/pkg/ioworkspace/ioworkspace.go:1751.3,1754.34 2 0
the-dev-tools/server/pkg/ioworkspace/ioworkspace.go:1754.34,1757.46 2 0
the-dev-tools/server/pkg/ioworkspace/ioworkspace.go:1757.46,1758.75 1 0
the-dev-tools/server/pkg/ioworkspace/ioworkspace.go:1758.75,1760.51 1 0
the-dev-tools/server/pkg/ioworkspace/ioworkspace.go:1760.51,1762.7 1 0
the-dev-tools/server/pkg/ioworkspace/ioworkspace.go:1766.4,1766.25 1 0
the-dev-tools/server/pkg/ioworkspace/ioworkspace.go:1767.34,1769.12 2 0
the-dev-tools/server/pkg/ioworkspace/ioworkspace.go:1769.12,1770.14 1 0
the-dev-tools/server/pkg/ioworkspace/ioworkspace.go:1773.5,1777.30 2 0
the-dev-tools/server/pkg/ioworkspace/ioworkspace.go:1777.30,1779.6 1 0
the-dev-tools/server/pkg/ioworkspace/ioworkspace.go:1782.5,1782.38 1 0
the-dev-tools/server/pkg/ioworkspace/ioworkspace.go:1782.38,1783.66 1 0
the-dev-tools/server/pkg/ioworkspace/ioworkspace.go:1783.66,1786.7 2 0
the-dev-tools/server/pkg/ioworkspace/ioworkspace.go:1790.5,1790.37 1 0
the-dev-tools/server/pkg/ioworkspace/ioworkspace.go:1790.37,1794.76 2 0
the-dev-tools/server/pkg/ioworkspace/ioworkspace.go:1794.76,1796.33 2 0
the-dev-tools/server/pkg/ioworkspace/ioworkspace.go:1796.33,1798.8 1 0
the-dev-tools/server/pkg/ioworkspace/ioworkspace.go:1799.7,1799.40 1 0
the-dev-tools/server/pkg/ioworkspace/ioworkspace.go:1803.6,1803.52 1 0
the-dev-tools/server/pkg/ioworkspace/ioworkspace.go:1803.52,1806.66 2 0
the-dev-tools/server/pkg/ioworkspace/ioworkspace.go:1806.66,1809.8 1 0
the-dev-tools/server/pkg/ioworkspace/ioworkspace.go:1809.13,1815.8 1 0
the-dev-tools/server/pkg/ioworkspace/ioworkspace.go:1819.5,1821.7 1 0
the-dev-tools/server/pkg/ioworkspace/ioworkspace.go:1823.36,1825.12 2 0
the-dev-tools/server/pkg/ioworkspace/ioworkspace.go:1825.12,1826.14 1 0
the-dev-tools/server/pkg/ioworkspace/ioworkspace.go:1829.5,1834.30 2 0
the-dev-tools/server/pkg/ioworkspace/ioworkspace.go:1834.30,1836.6 1 0
the-dev-tools/server/pkg/ioworkspace/ioworkspace.go:1839.5,1839.46 1 0
the-dev-tools/server/pkg/ioworkspace/ioworkspace.go:1839.46,1840.29 1 0
the-dev-tools/server/pkg/ioworkspace/ioworkspace.go:1841.27,1842.52 1 0
the-dev-tools/server/pkg/ioworkspace/ioworkspace.go:1842.52,1844.8 1 0
the-dev-tools/server/pkg/ioworkspace/ioworkspace.go:1845.27,1846.52 1 0
the-dev-tools/server/pkg/ioworkspace/ioworkspace.go:1846.52,1848.8 1 0
the-dev-tools/server/pkg/ioworkspace/ioworkspace.go:1852.5,1854.7 1 0
the-dev-tools/server/pkg/ioworkspace/ioworkspace.go:1856.30,1858.12 2 0
the-dev-tools/server/pkg/ioworkspace/ioworkspace.go:1858.12,1859.14 1 0
the-dev-tools/server/pkg/ioworkspace/ioworkspace.go:1862.5,1867.30 2 0
the-dev-tools/server/pkg/ioworkspace/ioworkspace.go:1867.30,1869.6 1 0
the-dev-tools/server/pkg/ioworkspace/ioworkspace.go:1872.5,1872.46 1 0
the-dev-tools/server/pkg/ioworkspace/ioworkspace.go:1872.46,1873.44 1 0
the-dev-tools/server/pkg/ioworkspace/ioworkspace.go:1873.44,1874.52 1 0
the-dev-tools/server/pkg/ioworkspace/ioworkspace.go:1874.52,1876.8 1 0
the-dev-tools/server/pkg/ioworkspace/ioworkspace.go:1880.5,1882.7 1 0
the-dev-tools/server/pkg/ioworkspace/ioworkspace.go:1884.29,1886.12 2 0
the-dev-tools/server/pkg/ioworkspace/ioworkspace.go:1886.12,1887.14 1 0
the-dev-tools/server/pkg/ioworkspace/ioworkspace.go:1890.5,1895.30 2 0
the-dev-tools/server/pkg/ioworkspace/ioworkspace.go:1895.30,1897.6 1 0
the-dev-tools/server/pkg/ioworkspace/ioworkspace.go:1899.5,1901.7 1 0
the-dev-tools/server/pkg/ioworkspace/ioworkspace.go:1906.3,1918.36 5 0
the-dev-tools/server/pkg/ioworkspace/ioworkspace.go:1918.36,1919.34 1 0
the-dev-tools/server/pkg/ioworkspace/ioworkspace.go:1919.34,1921.5 1 0
the-dev-tools/server/pkg/ioworkspace/ioworkspace.go:1921.10,1923.5 1 0
the-dev-tools/server/pkg/ioworkspace/ioworkspace.go:1927.3,1932.35 2 0
the-dev-tools/server/pkg/ioworkspace/ioworkspace.go:1936.2,1936.31 1 0
