mode: set
the-dev-tools/server/pkg/ioworkspace/ioworkspace.go:129.23,160.2 1 0
the-dev-tools/server/pkg/ioworkspace/ioworkspace.go:203.93,205.16 2 0
the-dev-tools/server/pkg/ioworkspace/ioworkspace.go:205.16,207.3 1 0
the-dev-tools/server/pkg/ioworkspace/ioworkspace.go:208.2,211.16 3 0
the-dev-tools/server/pkg/ioworkspace/ioworkspace.go:211.16,213.3 1 0
the-dev-tools/server/pkg/ioworkspace/ioworkspace.go:216.2,243.46 24 0
the-dev-tools/server/pkg/ioworkspace/ioworkspace.go:243.46,245.17 2 0
the-dev-tools/server/pkg/ioworkspace/ioworkspace.go:245.17,247.4 1 0
the-dev-tools/server/pkg/ioworkspace/ioworkspace.go:250.2,251.16 2 0
the-dev-tools/server/pkg/ioworkspace/ioworkspace.go:251.16,253.3 1 0
the-dev-tools/server/pkg/ioworkspace/ioworkspace.go:255.2,256.16 2 0
the-dev-tools/server/pkg/ioworkspace/ioworkspace.go:256.16,258.3 1 0
the-dev-tools/server/pkg/ioworkspace/ioworkspace.go:260.2,261.16 2 0
the-dev-tools/server/pkg/ioworkspace/ioworkspace.go:261.16,263.3 1 0
the-dev-tools/server/pkg/ioworkspace/ioworkspace.go:265.2,266.16 2 0
the-dev-tools/server/pkg/ioworkspace/ioworkspace.go:266.16,268.3 1 0
the-dev-tools/server/pkg/ioworkspace/ioworkspace.go:270.2,271.16 2 0
the-dev-tools/server/pkg/ioworkspace/ioworkspace.go:271.16,273.3 1 0
the-dev-tools/server/pkg/ioworkspace/ioworkspace.go:275.2,276.16 2 0
the-dev-tools/server/pkg/ioworkspace/ioworkspace.go:276.16,278.3 1 0
the-dev-tools/server/pkg/ioworkspace/ioworkspace.go:280.2,281.16 2 0
the-dev-tools/server/pkg/ioworkspace/ioworkspace.go:281.16,283.3 1 0
the-dev-tools/server/pkg/ioworkspace/ioworkspace.go:285.2,286.16 2 0
the-dev-tools/server/pkg/ioworkspace/ioworkspace.go:286.16,288.3 1 0
the-dev-tools/server/pkg/ioworkspace/ioworkspace.go:290.2,291.16 2 0
the-dev-tools/server/pkg/ioworkspace/ioworkspace.go:291.16,293.3 1 0
the-dev-tools/server/pkg/ioworkspace/ioworkspace.go:295.2,296.16 2 0
the-dev-tools/server/pkg/ioworkspace/ioworkspace.go:296.16,298.3 1 0
the-dev-tools/server/pkg/ioworkspace/ioworkspace.go:300.2,301.16 2 0
the-dev-tools/server/pkg/ioworkspace/ioworkspace.go:301.16,303.3 1 0
the-dev-tools/server/pkg/ioworkspace/ioworkspace.go:305.2,306.16 2 0
the-dev-tools/server/pkg/ioworkspace/ioworkspace.go:306.16,308.3 1 0
the-dev-tools/server/pkg/ioworkspace/ioworkspace.go:310.2,311.16 2 0
the-dev-tools/server/pkg/ioworkspace/ioworkspace.go:311.16,313.3 1 0
the-dev-tools/server/pkg/ioworkspace/ioworkspace.go:315.2,316.16 2 0
the-dev-tools/server/pkg/ioworkspace/ioworkspace.go:316.16,318.3 1 0
the-dev-tools/server/pkg/ioworkspace/ioworkspace.go:320.2,321.16 2 0
the-dev-tools/server/pkg/ioworkspace/ioworkspace.go:321.16,323.3 1 0
the-dev-tools/server/pkg/ioworkspace/ioworkspace.go:325.2,326.16 2 0
the-dev-tools/server/pkg/ioworkspace/ioworkspace.go:326.16,328.3 1 0
the-dev-tools/server/pkg/ioworkspace/ioworkspace.go:330.2,331.16 2 0
the-dev-tools/server/pkg/ioworkspace/ioworkspace.go:331.16,333.3 1 0
the-dev-tools/server/pkg/ioworkspace/ioworkspace.go:335.2,336.16 2 0
the-dev-tools/server/pkg/ioworkspace/ioworkspace.go:336.16,338.3 1 0
the-dev-tools/server/pkg/ioworkspace/ioworkspace.go:340.2,341.16 2 0
the-dev-tools/server/pkg/ioworkspace/ioworkspace.go:341.16,343.3 1 0
the-dev-tools/server/pkg/ioworkspace/ioworkspace.go:345.2,346.16 2 0
the-dev-tools/server/pkg/ioworkspace/ioworkspace.go:346.16,348.3 1 0
the-dev-tools/server/pkg/ioworkspace/ioworkspace.go:350.2,351.16 2 0
the-dev-tools/server/pkg/ioworkspace/ioworkspace.go:351.16,353.3 1 0
the-dev-tools/server/pkg/ioworkspace/ioworkspace.go:355.2,356.16 2 0
the-dev-tools/server/pkg/ioworkspace/ioworkspace.go:356.16,358.3 1 0
the-dev-tools/server/pkg/ioworkspace/ioworkspace.go:360.2,361.16 2 0
the-dev-tools/server/pkg/ioworkspace/ioworkspace.go:361.16,363.3 1 0
the-dev-tools/server/pkg/ioworkspace/ioworkspace.go:365.2,365.12 1 0
the-dev-tools/server/pkg/ioworkspace/ioworkspace.go:373.145,377.16 3 0
the-dev-tools/server/pkg/ioworkspace/ioworkspace.go:377.16,379.3 1 0
the-dev-tools/server/pkg/ioworkspace/ioworkspace.go:380.2,384.25 4 0
the-dev-tools/server/pkg/ioworkspace/ioworkspace.go:384.25,385.53 1 0
the-dev-tools/server/pkg/ioworkspace/ioworkspace.go:385.53,387.4 1 0
the-dev-tools/server/pkg/ioworkspace/ioworkspace.go:390.2,391.16 2 0
the-dev-tools/server/pkg/ioworkspace/ioworkspace.go:391.16,393.3 1 0
the-dev-tools/server/pkg/ioworkspace/ioworkspace.go:394.2,397.16 3 0
the-dev-tools/server/pkg/ioworkspace/ioworkspace.go:397.16,399.3 1 0
the-dev-tools/server/pkg/ioworkspace/ioworkspace.go:400.2,402.29 2 0
the-dev-tools/server/pkg/ioworkspace/ioworkspace.go:402.29,405.17 2 0
the-dev-tools/server/pkg/ioworkspace/ioworkspace.go:405.17,407.4 1 0
the-dev-tools/server/pkg/ioworkspace/ioworkspace.go:409.3,412.17 3 0
the-dev-tools/server/pkg/ioworkspace/ioworkspace.go:412.17,414.4 1 0
the-dev-tools/server/pkg/ioworkspace/ioworkspace.go:415.3,419.17 3 0
the-dev-tools/server/pkg/ioworkspace/ioworkspace.go:419.17,421.4 1 0
the-dev-tools/server/pkg/ioworkspace/ioworkspace.go:422.3,424.34 2 0
the-dev-tools/server/pkg/ioworkspace/ioworkspace.go:424.34,425.25 1 0
the-dev-tools/server/pkg/ioworkspace/ioworkspace.go:426.34,428.19 2 0
the-dev-tools/server/pkg/ioworkspace/ioworkspace.go:428.19,430.6 1 0
the-dev-tools/server/pkg/ioworkspace/ioworkspace.go:432.5,432.28 1 0
the-dev-tools/server/pkg/ioworkspace/ioworkspace.go:432.28,433.34 1 0
the-dev-tools/server/pkg/ioworkspace/ioworkspace.go:433.34,435.7 1 0
the-dev-tools/server/pkg/ioworkspace/ioworkspace.go:436.6,436.39 1 0
the-dev-tools/server/pkg/ioworkspace/ioworkspace.go:436.39,438.7 1 0
the-dev-tools/server/pkg/ioworkspace/ioworkspace.go:440.5,440.68 1 0
the-dev-tools/server/pkg/ioworkspace/ioworkspace.go:441.36,443.19 2 0
the-dev-tools/server/pkg/ioworkspace/ioworkspace.go:443.19,445.6 1 0
the-dev-tools/server/pkg/ioworkspace/ioworkspace.go:446.5,446.74 1 0
the-dev-tools/server/pkg/ioworkspace/ioworkspace.go:448.32,450.19 2 0
the-dev-tools/server/pkg/ioworkspace/ioworkspace.go:450.19,452.6 1 0
the-dev-tools/server/pkg/ioworkspace/ioworkspace.go:453.5,453.59 1 0
the-dev-tools/server/pkg/ioworkspace/ioworkspace.go:454.30,456.19 2 0
the-dev-tools/server/pkg/ioworkspace/ioworkspace.go:456.19,458.6 1 0
the-dev-tools/server/pkg/ioworkspace/ioworkspace.go:459.5,459.60 1 0
the-dev-tools/server/pkg/ioworkspace/ioworkspace.go:460.35,462.19 2 0
the-dev-tools/server/pkg/ioworkspace/ioworkspace.go:462.19,464.6 1 0
the-dev-tools/server/pkg/ioworkspace/ioworkspace.go:465.5,465.72 1 0
the-dev-tools/server/pkg/ioworkspace/ioworkspace.go:466.29,468.19 2 0
the-dev-tools/server/pkg/ioworkspace/ioworkspace.go:468.19,470.6 1 0
the-dev-tools/server/pkg/ioworkspace/ioworkspace.go:471.5,471.56 1 0
the-dev-tools/server/pkg/ioworkspace/ioworkspace.go:476.2,476.41 1 0
the-dev-tools/server/pkg/ioworkspace/ioworkspace.go:476.41,478.17 2 0
the-dev-tools/server/pkg/ioworkspace/ioworkspace.go:478.17,480.4 1 0
the-dev-tools/server/pkg/ioworkspace/ioworkspace.go:481.3,484.17 3 0
the-dev-tools/server/pkg/ioworkspace/ioworkspace.go:484.17,486.4 1 0
the-dev-tools/server/pkg/ioworkspace/ioworkspace.go:487.3,490.57 2 0
the-dev-tools/server/pkg/ioworkspace/ioworkspace.go:490.57,491.46 1 0
the-dev-tools/server/pkg/ioworkspace/ioworkspace.go:491.46,493.19 2 0
the-dev-tools/server/pkg/ioworkspace/ioworkspace.go:493.19,494.30 1 0
the-dev-tools/server/pkg/ioworkspace/ioworkspace.go:494.30,495.15 1 0
the-dev-tools/server/pkg/ioworkspace/ioworkspace.go:497.6,497.21 1 0
the-dev-tools/server/pkg/ioworkspace/ioworkspace.go:500.5,501.37 2 0
the-dev-tools/server/pkg/ioworkspace/ioworkspace.go:501.37,502.27 1 0
the-dev-tools/server/pkg/ioworkspace/ioworkspace.go:502.27,504.12 2 0
the-dev-tools/server/pkg/ioworkspace/ioworkspace.go:507.5,507.15 1 0
the-dev-tools/server/pkg/ioworkspace/ioworkspace.go:507.15,509.6 1 0
the-dev-tools/server/pkg/ioworkspace/ioworkspace.go:511.9,513.18 2 0
the-dev-tools/server/pkg/ioworkspace/ioworkspace.go:513.18,515.5 1 0
the-dev-tools/server/pkg/ioworkspace/ioworkspace.go:516.4,516.54 1 0
the-dev-tools/server/pkg/ioworkspace/ioworkspace.go:522.2,522.40 1 0
the-dev-tools/server/pkg/ioworkspace/ioworkspace.go:522.40,525.17 2 0
the-dev-tools/server/pkg/ioworkspace/ioworkspace.go:525.17,527.4 1 0
the-dev-tools/server/pkg/ioworkspace/ioworkspace.go:528.3,532.17 3 0
the-dev-tools/server/pkg/ioworkspace/ioworkspace.go:532.17,534.4 1 0
the-dev-tools/server/pkg/ioworkspace/ioworkspace.go:535.3,539.17 3 0
the-dev-tools/server/pkg/ioworkspace/ioworkspace.go:539.17,541.4 1 0
the-dev-tools/server/pkg/ioworkspace/ioworkspace.go:542.3,549.41 3 0
the-dev-tools/server/pkg/ioworkspace/ioworkspace.go:549.41,551.4 1 0
the-dev-tools/server/pkg/ioworkspace/ioworkspace.go:552.3,552.35 1 0
the-dev-tools/server/pkg/ioworkspace/ioworkspace.go:552.35,554.4 1 0
the-dev-tools/server/pkg/ioworkspace/ioworkspace.go:557.3,558.41 2 0
the-dev-tools/server/pkg/ioworkspace/ioworkspace.go:558.41,560.4 1 0
the-dev-tools/server/pkg/ioworkspace/ioworkspace.go:561.3,561.17 1 0
the-dev-tools/server/pkg/ioworkspace/ioworkspace.go:561.17,563.4 1 0
the-dev-tools/server/pkg/ioworkspace/ioworkspace.go:566.3,567.41 2 0
the-dev-tools/server/pkg/ioworkspace/ioworkspace.go:567.41,569.4 1 0
the-dev-tools/server/pkg/ioworkspace/ioworkspace.go:570.3,570.17 1 0
the-dev-tools/server/pkg/ioworkspace/ioworkspace.go:570.17,572.4 1 0
the-dev-tools/server/pkg/ioworkspace/ioworkspace.go:575.3,576.17 2 0
the-dev-tools/server/pkg/ioworkspace/ioworkspace.go:576.17,577.42 1 0
the-dev-tools/server/pkg/ioworkspace/ioworkspace.go:577.42,579.13 1 0
the-dev-tools/server/pkg/ioworkspace/ioworkspace.go:580.10,582.5 1 0
the-dev-tools/server/pkg/ioworkspace/ioworkspace.go:584.3,588.17 3 0
the-dev-tools/server/pkg/ioworkspace/ioworkspace.go:588.17,590.4 1 0
the-dev-tools/server/pkg/ioworkspace/ioworkspace.go:591.3,595.17 3 0
the-dev-tools/server/pkg/ioworkspace/ioworkspace.go:595.17,597.4 1 0
the-dev-tools/server/pkg/ioworkspace/ioworkspace.go:598.3,598.88 1 0
the-dev-tools/server/pkg/ioworkspace/ioworkspace.go:602.2,602.19 1 0
the-dev-tools/server/pkg/ioworkspace/ioworkspace.go:605.62,608.16 3 0
the-dev-tools/server/pkg/ioworkspace/ioworkspace.go:608.16,610.3 1 0
the-dev-tools/server/pkg/ioworkspace/ioworkspace.go:611.2,611.24 1 0
the-dev-tools/server/pkg/ioworkspace/ioworkspace.go:614.43,616.38 2 0
the-dev-tools/server/pkg/ioworkspace/ioworkspace.go:616.38,618.3 1 0
the-dev-tools/server/pkg/ioworkspace/ioworkspace.go:620.2,620.50 1 0
the-dev-tools/server/pkg/ioworkspace/ioworkspace.go:620.50,623.23 3 0
the-dev-tools/server/pkg/ioworkspace/ioworkspace.go:623.23,625.11 2 0
the-dev-tools/server/pkg/ioworkspace/ioworkspace.go:625.11,627.5 1 0
the-dev-tools/server/pkg/ioworkspace/ioworkspace.go:629.3,629.28 1 0
the-dev-tools/server/pkg/ioworkspace/ioworkspace.go:629.28,631.11 2 0
the-dev-tools/server/pkg/ioworkspace/ioworkspace.go:631.11,633.5 1 0
the-dev-tools/server/pkg/ioworkspace/ioworkspace.go:638.2,638.12 1 0
the-dev-tools/server/pkg/ioworkspace/ioworkspace.go:641.65,643.16 2 0
the-dev-tools/server/pkg/ioworkspace/ioworkspace.go:643.16,645.3 1 0
the-dev-tools/server/pkg/ioworkspace/ioworkspace.go:646.2,646.18 1 0
the-dev-tools/server/pkg/ioworkspace/ioworkspace.go:716.65,721.59 3 0
the-dev-tools/server/pkg/ioworkspace/ioworkspace.go:721.59,723.3 1 0
the-dev-tools/server/pkg/ioworkspace/ioworkspace.go:726.2,726.56 1 0
the-dev-tools/server/pkg/ioworkspace/ioworkspace.go:726.56,728.3 1 0
the-dev-tools/server/pkg/ioworkspace/ioworkspace.go:730.2,761.39 4 0
the-dev-tools/server/pkg/ioworkspace/ioworkspace.go:761.39,776.37 6 0
the-dev-tools/server/pkg/ioworkspace/ioworkspace.go:776.37,785.4 2 0
the-dev-tools/server/pkg/ioworkspace/ioworkspace.go:787.3,807.32 7 0
the-dev-tools/server/pkg/ioworkspace/ioworkspace.go:807.32,810.12 1 0
the-dev-tools/server/pkg/ioworkspace/ioworkspace.go:813.3,815.31 3 0
the-dev-tools/server/pkg/ioworkspace/ioworkspace.go:815.31,817.11 2 0
the-dev-tools/server/pkg/ioworkspace/ioworkspace.go:817.11,818.13 1 0
the-dev-tools/server/pkg/ioworkspace/ioworkspace.go:820.4,820.68 1 0
the-dev-tools/server/pkg/ioworkspace/ioworkspace.go:820.68,822.48 2 0
the-dev-tools/server/pkg/ioworkspace/ioworkspace.go:822.48,823.33 1 0
the-dev-tools/server/pkg/ioworkspace/ioworkspace.go:823.33,825.72 1 0
the-dev-tools/server/pkg/ioworkspace/ioworkspace.go:825.72,827.8 1 0
the-dev-tools/server/pkg/ioworkspace/ioworkspace.go:827.13,829.8 1 0
the-dev-tools/server/pkg/ioworkspace/ioworkspace.go:832.5,832.10 1 0
the-dev-tools/server/pkg/ioworkspace/ioworkspace.go:836.3,836.17 1 0
the-dev-tools/server/pkg/ioworkspace/ioworkspace.go:836.17,838.12 1 0
the-dev-tools/server/pkg/ioworkspace/ioworkspace.go:842.3,842.36 1 0
the-dev-tools/server/pkg/ioworkspace/ioworkspace.go:842.36,844.44 1 0
the-dev-tools/server/pkg/ioworkspace/ioworkspace.go:844.44,846.12 2 0
the-dev-tools/server/pkg/ioworkspace/ioworkspace.go:846.12,848.6 1 0
the-dev-tools/server/pkg/ioworkspace/ioworkspace.go:850.5,851.30 2 0
the-dev-tools/server/pkg/ioworkspace/ioworkspace.go:851.30,853.6 1 0
the-dev-tools/server/pkg/ioworkspace/ioworkspace.go:855.5,855.52 1 0
the-dev-tools/server/pkg/ioworkspace/ioworkspace.go:855.52,857.6 1 0
the-dev-tools/server/pkg/ioworkspace/ioworkspace.go:859.5,863.21 3 0
the-dev-tools/server/pkg/ioworkspace/ioworkspace.go:864.20,865.95 1 0
the-dev-tools/server/pkg/ioworkspace/ioworkspace.go:866.15,867.76 1 0
the-dev-tools/server/pkg/ioworkspace/ioworkspace.go:868.16,869.77 1 0
the-dev-tools/server/pkg/ioworkspace/ioworkspace.go:870.15,871.76 1 0
the-dev-tools/server/pkg/ioworkspace/ioworkspace.go:872.13,873.83 1 0
the-dev-tools/server/pkg/ioworkspace/ioworkspace.go:876.5,876.19 1 0
the-dev-tools/server/pkg/ioworkspace/ioworkspace.go:876.19,878.6 1 0
the-dev-tools/server/pkg/ioworkspace/ioworkspace.go:880.5,881.28 2 0
the-dev-tools/server/pkg/ioworkspace/ioworkspace.go:886.3,886.112 1 0
the-dev-tools/server/pkg/ioworkspace/ioworkspace.go:886.112,888.4 1 0
the-dev-tools/server/pkg/ioworkspace/ioworkspace.go:892.2,892.52 1 0
the-dev-tools/server/pkg/ioworkspace/ioworkspace.go:892.52,893.12 1 0
the-dev-tools/server/pkg/ioworkspace/ioworkspace.go:893.12,896.4 2 0
the-dev-tools/server/pkg/ioworkspace/ioworkspace.go:897.3,897.41 1 0
the-dev-tools/server/pkg/ioworkspace/ioworkspace.go:897.41,900.4 2 0
the-dev-tools/server/pkg/ioworkspace/ioworkspace.go:904.2,904.51 1 0
the-dev-tools/server/pkg/ioworkspace/ioworkspace.go:904.51,905.12 1 0
the-dev-tools/server/pkg/ioworkspace/ioworkspace.go:905.12,908.4 2 0
the-dev-tools/server/pkg/ioworkspace/ioworkspace.go:909.3,909.40 1 0
the-dev-tools/server/pkg/ioworkspace/ioworkspace.go:909.40,912.4 2 0
the-dev-tools/server/pkg/ioworkspace/ioworkspace.go:915.2,915.27 1 0
the-dev-tools/server/pkg/ioworkspace/ioworkspace.go:919.157,931.18 4 0
the-dev-tools/server/pkg/ioworkspace/ioworkspace.go:931.18,933.3 1 0
the-dev-tools/server/pkg/ioworkspace/ioworkspace.go:935.2,936.22 2 0
the-dev-tools/server/pkg/ioworkspace/ioworkspace.go:936.22,938.3 1 0
the-dev-tools/server/pkg/ioworkspace/ioworkspace.go:941.2,964.51 8 0
the-dev-tools/server/pkg/ioworkspace/ioworkspace.go:964.51,965.32 1 0
the-dev-tools/server/pkg/ioworkspace/ioworkspace.go:965.32,966.47 1 0
the-dev-tools/server/pkg/ioworkspace/ioworkspace.go:966.47,969.24 3 0
the-dev-tools/server/pkg/ioworkspace/ioworkspace.go:969.24,970.14 1 0
the-dev-tools/server/pkg/ioworkspace/ioworkspace.go:972.5,978.38 2 0
the-dev-tools/server/pkg/ioworkspace/ioworkspace.go:982.2,989.55 3 0
the-dev-tools/server/pkg/ioworkspace/ioworkspace.go:989.55,990.65 1 0
the-dev-tools/server/pkg/ioworkspace/ioworkspace.go:990.65,992.18 2 0
the-dev-tools/server/pkg/ioworkspace/ioworkspace.go:992.18,994.5 1 0
the-dev-tools/server/pkg/ioworkspace/ioworkspace.go:995.4,995.27 1 0
the-dev-tools/server/pkg/ioworkspace/ioworkspace.go:999.2,1008.12 4 0
the-dev-tools/server/pkg/ioworkspace/ioworkspace.go:1012.124,1037.2 6 0
the-dev-tools/server/pkg/ioworkspace/ioworkspace.go:1040.125,1053.53 4 0
the-dev-tools/server/pkg/ioworkspace/ioworkspace.go:1053.53,1055.3 1 0
the-dev-tools/server/pkg/ioworkspace/ioworkspace.go:1055.8,1055.54 1 0
the-dev-tools/server/pkg/ioworkspace/ioworkspace.go:1055.54,1057.3 1 0
the-dev-tools/server/pkg/ioworkspace/ioworkspace.go:1057.8,1059.3 1 0
the-dev-tools/server/pkg/ioworkspace/ioworkspace.go:1061.2,1061.19 1 0
the-dev-tools/server/pkg/ioworkspace/ioworkspace.go:1061.19,1063.3 1 0
the-dev-tools/server/pkg/ioworkspace/ioworkspace.go:1065.2,1072.12 3 0
the-dev-tools/server/pkg/ioworkspace/ioworkspace.go:1076.124,1088.9 4 0
the-dev-tools/server/pkg/ioworkspace/ioworkspace.go:1088.9,1092.3 1 0
the-dev-tools/server/pkg/ioworkspace/ioworkspace.go:1094.2,1100.12 3 0
the-dev-tools/server/pkg/ioworkspace/ioworkspace.go:1103.88,1104.47 1 0
the-dev-tools/server/pkg/ioworkspace/ioworkspace.go:1104.47,1105.71 1 0
the-dev-tools/server/pkg/ioworkspace/ioworkspace.go:1105.71,1106.57 1 0
the-dev-tools/server/pkg/ioworkspace/ioworkspace.go:1106.57,1107.88 1 0
the-dev-tools/server/pkg/ioworkspace/ioworkspace.go:1107.88,1109.6 1 0
the-dev-tools/server/pkg/ioworkspace/ioworkspace.go:1113.2,1113.24 1 0
the-dev-tools/server/pkg/ioworkspace/ioworkspace.go:1118.100,1123.83 3 0
the-dev-tools/server/pkg/ioworkspace/ioworkspace.go:1123.83,1125.46 2 0
the-dev-tools/server/pkg/ioworkspace/ioworkspace.go:1125.46,1135.4 3 0
the-dev-tools/server/pkg/ioworkspace/ioworkspace.go:1139.2,1139.32 1 0
the-dev-tools/server/pkg/ioworkspace/ioworkspace.go:1139.32,1140.40 1 0
the-dev-tools/server/pkg/ioworkspace/ioworkspace.go:1140.40,1142.11 2 0
the-dev-tools/server/pkg/ioworkspace/ioworkspace.go:1142.11,1143.13 1 0
the-dev-tools/server/pkg/ioworkspace/ioworkspace.go:1146.4,1150.20 3 0
the-dev-tools/server/pkg/ioworkspace/ioworkspace.go:1151.14,1153.75 1 0
the-dev-tools/server/pkg/ioworkspace/ioworkspace.go:1153.75,1154.66 1 0
the-dev-tools/server/pkg/ioworkspace/ioworkspace.go:1154.66,1156.7 1 0
the-dev-tools/server/pkg/ioworkspace/ioworkspace.go:1156.12,1158.7 1 0
the-dev-tools/server/pkg/ioworkspace/ioworkspace.go:1161.5,1161.75 1 0
the-dev-tools/server/pkg/ioworkspace/ioworkspace.go:1161.75,1162.66 1 0
the-dev-tools/server/pkg/ioworkspace/ioworkspace.go:1162.66,1164.7 1 0
the-dev-tools/server/pkg/ioworkspace/ioworkspace.go:1164.12,1166.7 1 0
the-dev-tools/server/pkg/ioworkspace/ioworkspace.go:1169.15,1171.75 1 0
the-dev-tools/server/pkg/ioworkspace/ioworkspace.go:1171.75,1172.66 1 0
the-dev-tools/server/pkg/ioworkspace/ioworkspace.go:1172.66,1174.7 1 0
the-dev-tools/server/pkg/ioworkspace/ioworkspace.go:1174.12,1176.7 1 0
the-dev-tools/server/pkg/ioworkspace/ioworkspace.go:1181.4,1181.53 1 0
the-dev-tools/server/pkg/ioworkspace/ioworkspace.go:1181.53,1182.30 1 0
the-dev-tools/server/pkg/ioworkspace/ioworkspace.go:1182.30,1184.30 2 0
the-dev-tools/server/pkg/ioworkspace/ioworkspace.go:1184.30,1185.15 1 0
the-dev-tools/server/pkg/ioworkspace/ioworkspace.go:1188.6,1189.17 2 0
the-dev-tools/server/pkg/ioworkspace/ioworkspace.go:1189.17,1191.7 1 0
the-dev-tools/server/pkg/ioworkspace/ioworkspace.go:1193.6,1193.36 1 0
the-dev-tools/server/pkg/ioworkspace/ioworkspace.go:1193.36,1195.7 1 0
the-dev-tools/server/pkg/ioworkspace/ioworkspace.go:1196.6,1196.63 1 0
the-dev-tools/server/pkg/ioworkspace/ioworkspace.go:1203.2,1204.44 2 0
the-dev-tools/server/pkg/ioworkspace/ioworkspace.go:1204.44,1206.3 1 0
the-dev-tools/server/pkg/ioworkspace/ioworkspace.go:1208.2,1208.37 1 0
the-dev-tools/server/pkg/ioworkspace/ioworkspace.go:1208.37,1211.40 2 0
the-dev-tools/server/pkg/ioworkspace/ioworkspace.go:1211.40,1212.16 1 0
the-dev-tools/server/pkg/ioworkspace/ioworkspace.go:1212.16,1214.5 1 0
the-dev-tools/server/pkg/ioworkspace/ioworkspace.go:1218.3,1219.40 2 0
the-dev-tools/server/pkg/ioworkspace/ioworkspace.go:1219.40,1220.18 1 0
the-dev-tools/server/pkg/ioworkspace/ioworkspace.go:1220.18,1222.5 1 0
the-dev-tools/server/pkg/ioworkspace/ioworkspace.go:1228.3,1228.58 1 0
the-dev-tools/server/pkg/ioworkspace/ioworkspace.go:1228.58,1234.40 1 0
the-dev-tools/server/pkg/ioworkspace/ioworkspace.go:1234.40,1235.37 1 0
the-dev-tools/server/pkg/ioworkspace/ioworkspace.go:1235.37,1237.6 1 0
the-dev-tools/server/pkg/ioworkspace/ioworkspace.go:1239.4,1239.51 1 0
the-dev-tools/server/pkg/ioworkspace/ioworkspace.go:1239.51,1240.44 1 0
the-dev-tools/server/pkg/ioworkspace/ioworkspace.go:1240.44,1243.32 1 0
the-dev-tools/server/pkg/ioworkspace/ioworkspace.go:1243.32,1247.7 3 0
the-dev-tools/server/pkg/ioworkspace/ioworkspace.go:1252.2,1252.12 1 0
the-dev-tools/server/pkg/ioworkspace/ioworkspace.go:1256.89,1258.16 2 0
the-dev-tools/server/pkg/ioworkspace/ioworkspace.go:1258.16,1260.3 1 0
the-dev-tools/server/pkg/ioworkspace/ioworkspace.go:1263.2,1263.31 1 0
the-dev-tools/server/pkg/ioworkspace/ioworkspace.go:1263.31,1265.3 1 0
the-dev-tools/server/pkg/ioworkspace/ioworkspace.go:1268.2,1269.16 2 0
the-dev-tools/server/pkg/ioworkspace/ioworkspace.go:1269.16,1271.3 1 0
the-dev-tools/server/pkg/ioworkspace/ioworkspace.go:1274.2,1275.16 2 0
the-dev-tools/server/pkg/ioworkspace/ioworkspace.go:1275.16,1277.3 1 0
the-dev-tools/server/pkg/ioworkspace/ioworkspace.go:1279.2,1279.12 1 0
the-dev-tools/server/pkg/ioworkspace/ioworkspace.go:1283.72,1284.26 1 1
the-dev-tools/server/pkg/ioworkspace/ioworkspace.go:1284.26,1286.3 1 0
the-dev-tools/server/pkg/ioworkspace/ioworkspace.go:1289.2,1296.47 3 1
the-dev-tools/server/pkg/ioworkspace/ioworkspace.go:1296.47,1298.3 1 1
the-dev-tools/server/pkg/ioworkspace/ioworkspace.go:1301.2,1302.51 2 1
the-dev-tools/server/pkg/ioworkspace/ioworkspace.go:1302.51,1304.3 1 1
the-dev-tools/server/pkg/ioworkspace/ioworkspace.go:1306.2,1307.53 2 1
the-dev-tools/server/pkg/ioworkspace/ioworkspace.go:1307.53,1309.3 1 1
the-dev-tools/server/pkg/ioworkspace/ioworkspace.go:1311.2,1312.47 2 1
the-dev-tools/server/pkg/ioworkspace/ioworkspace.go:1312.47,1314.3 1 1
the-dev-tools/server/pkg/ioworkspace/ioworkspace.go:1316.2,1317.46 2 1
the-dev-tools/server/pkg/ioworkspace/ioworkspace.go:1317.46,1319.3 1 1
the-dev-tools/server/pkg/ioworkspace/ioworkspace.go:1322.2,1323.44 2 1
the-dev-tools/server/pkg/ioworkspace/ioworkspace.go:1323.44,1325.3 1 1
the-dev-tools/server/pkg/ioworkspace/ioworkspace.go:1328.2,1329.44 2 1
the-dev-tools/server/pkg/ioworkspace/ioworkspace.go:1329.44,1331.3 1 1
the-dev-tools/server/pkg/ioworkspace/ioworkspace.go:1333.2,1334.43 2 1
the-dev-tools/server/pkg/ioworkspace/ioworkspace.go:1334.43,1336.3 1 1
the-dev-tools/server/pkg/ioworkspace/ioworkspace.go:1338.2,1339.49 2 1
the-dev-tools/server/pkg/ioworkspace/ioworkspace.go:1339.49,1341.3 1 1
the-dev-tools/server/pkg/ioworkspace/ioworkspace.go:1343.2,1344.44 2 1
the-dev-tools/server/pkg/ioworkspace/ioworkspace.go:1344.44,1346.3 1 1
the-dev-tools/server/pkg/ioworkspace/ioworkspace.go:1349.2,1349.43 1 1
the-dev-tools/server/pkg/ioworkspace/ioworkspace.go:1349.43,1357.49 2 1
the-dev-tools/server/pkg/ioworkspace/ioworkspace.go:1357.49,1358.27 1 1
the-dev-tools/server/pkg/ioworkspace/ioworkspace.go:1358.27,1363.5 1 1
the-dev-tools/server/pkg/ioworkspace/ioworkspace.go:1367.3,1368.48 2 1
the-dev-tools/server/pkg/ioworkspace/ioworkspace.go:1368.48,1369.30 1 1
the-dev-tools/server/pkg/ioworkspace/ioworkspace.go:1369.30,1371.5 1 1
the-dev-tools/server/pkg/ioworkspace/ioworkspace.go:1375.3,1378.34 2 1
the-dev-tools/server/pkg/ioworkspace/ioworkspace.go:1378.34,1381.46 2 1
the-dev-tools/server/pkg/ioworkspace/ioworkspace.go:1381.46,1382.75 1 1
the-dev-tools/server/pkg/ioworkspace/ioworkspace.go:1382.75,1384.51 1 1
the-dev-tools/server/pkg/ioworkspace/ioworkspace.go:1384.51,1386.7 1 1
the-dev-tools/server/pkg/ioworkspace/ioworkspace.go:1390.4,1390.25 1 1
the-dev-tools/server/pkg/ioworkspace/ioworkspace.go:1391.34,1393.12 2 1
the-dev-tools/server/pkg/ioworkspace/ioworkspace.go:1393.12,1394.14 1 0
the-dev-tools/server/pkg/ioworkspace/ioworkspace.go:1397.5,1401.30 2 1
the-dev-tools/server/pkg/ioworkspace/ioworkspace.go:1401.30,1403.6 1 0
the-dev-tools/server/pkg/ioworkspace/ioworkspace.go:1406.5,1406.38 1 1
the-dev-tools/server/pkg/ioworkspace/ioworkspace.go:1406.38,1407.66 1 1
the-dev-tools/server/pkg/ioworkspace/ioworkspace.go:1407.66,1410.7 2 1
the-dev-tools/server/pkg/ioworkspace/ioworkspace.go:1414.5,1414.37 1 1
the-dev-tools/server/pkg/ioworkspace/ioworkspace.go:1414.37,1418.76 2 1
the-dev-tools/server/pkg/ioworkspace/ioworkspace.go:1418.76,1420.33 2 1
the-dev-tools/server/pkg/ioworkspace/ioworkspace.go:1420.33,1425.8 1 1
the-dev-tools/server/pkg/ioworkspace/ioworkspace.go:1426.7,1426.40 1 1
the-dev-tools/server/pkg/ioworkspace/ioworkspace.go:1430.6,1430.52 1 1
the-dev-tools/server/pkg/ioworkspace/ioworkspace.go:1430.52,1435.66 3 1
the-dev-tools/server/pkg/ioworkspace/ioworkspace.go:1435.66,1437.8 1 1
the-dev-tools/server/pkg/ioworkspace/ioworkspace.go:1439.7,1439.28 1 1
the-dev-tools/server/pkg/ioworkspace/ioworkspace.go:1439.28,1441.8 1 1
the-dev-tools/server/pkg/ioworkspace/ioworkspace.go:1445.5,1447.7 1 1
the-dev-tools/server/pkg/ioworkspace/ioworkspace.go:1449.36,1451.12 2 1
the-dev-tools/server/pkg/ioworkspace/ioworkspace.go:1451.12,1452.14 1 0
the-dev-tools/server/pkg/ioworkspace/ioworkspace.go:1455.5,1460.30 2 1
the-dev-tools/server/pkg/ioworkspace/ioworkspace.go:1460.30,1462.6 1 1
the-dev-tools/server/pkg/ioworkspace/ioworkspace.go:1465.5,1465.46 1 1
the-dev-tools/server/pkg/ioworkspace/ioworkspace.go:1465.46,1466.29 1 1
the-dev-tools/server/pkg/ioworkspace/ioworkspace.go:1467.27,1468.52 1 1
the-dev-tools/server/pkg/ioworkspace/ioworkspace.go:1468.52,1470.8 1 1
the-dev-tools/server/pkg/ioworkspace/ioworkspace.go:1471.27,1472.52 1 0
the-dev-tools/server/pkg/ioworkspace/ioworkspace.go:1472.52,1474.8 1 0
the-dev-tools/server/pkg/ioworkspace/ioworkspace.go:1478.5,1480.7 1 1
the-dev-tools/server/pkg/ioworkspace/ioworkspace.go:1482.30,1484.12 2 1
the-dev-tools/server/pkg/ioworkspace/ioworkspace.go:1484.12,1485.14 1 0
the-dev-tools/server/pkg/ioworkspace/ioworkspace.go:1488.5,1493.30 2 1
the-dev-tools/server/pkg/ioworkspace/ioworkspace.go:1493.30,1495.6 1 1
the-dev-tools/server/pkg/ioworkspace/ioworkspace.go:1498.5,1498.46 1 1
the-dev-tools/server/pkg/ioworkspace/ioworkspace.go:1498.46,1499.44 1 1
the-dev-tools/server/pkg/ioworkspace/ioworkspace.go:1499.44,1500.52 1 1
the-dev-tools/server/pkg/ioworkspace/ioworkspace.go:1500.52,1502.8 1 1
the-dev-tools/server/pkg/ioworkspace/ioworkspace.go:1506.5,1508.7 1 1
the-dev-tools/server/pkg/ioworkspace/ioworkspace.go:1510.29,1512.12 2 1
the-dev-tools/server/pkg/ioworkspace/ioworkspace.go:1512.12,1513.14 1 0
the-dev-tools/server/pkg/ioworkspace/ioworkspace.go:1516.5,1521.30 2 1
the-dev-tools/server/pkg/ioworkspace/ioworkspace.go:1521.30,1523.6 1 0
the-dev-tools/server/pkg/ioworkspace/ioworkspace.go:1525.5,1527.7 1 1
the-dev-tools/server/pkg/ioworkspace/ioworkspace.go:1532.3,1544.36 5 1
the-dev-tools/server/pkg/ioworkspace/ioworkspace.go:1544.36,1545.34 1 1
the-dev-tools/server/pkg/ioworkspace/ioworkspace.go:1545.34,1547.5 1 1
the-dev-tools/server/pkg/ioworkspace/ioworkspace.go:1547.10,1549.5 1 0
the-dev-tools/server/pkg/ioworkspace/ioworkspace.go:1553.3,1558.35 2 1
the-dev-tools/server/pkg/ioworkspace/ioworkspace.go:1562.2,1562.31 1 0
